18:49:10 INFO: Start: gmail
18:49:10 INFO: STEP: Setup Path
18:49:10 INFO: Existed token and authorized.
18:49:10 INFO: Valid credentials
18:49:10 INFO: STEP: Auth Credentials
18:49:11 INFO: STEP: Get messages
18:49:11 INFO: parse_html
18:49:11 INFO: [url] 22
18:49:11 INFO: parse_html
18:49:11 INFO: [title] 22
18:49:12 INFO: parse_html
18:49:12 INFO: [url] 21
18:49:12 INFO: parse_html
18:49:12 INFO: [title] 21
18:49:12 INFO: parse_html
18:49:12 INFO: [url] 22
18:49:12 INFO: parse_html
18:49:12 INFO: [title] 22
18:49:12 INFO: [Saved csv] D:\dev\gmail\public\data\gmail_freelancer_20260102.csv
18:49:12 INFO: STEP: Get data from each message
18:49:12 INFO: [Saved csv] D:\dev\gmail\public\data\output-gmail_freelancer.csv
18:49:12 INFO: Step: Cleansing data for scraping
18:49:12 INFO: ---------------
